{"contracts/HybridToken.sol":{"l":{"15":149},"path":"/Users/nikbailo/work/pragma/minter-contract/contracts/HybridToken.sol","s":{"1":149},"b":{},"f":{"1":149},"fnMap":{"1":{"name":"constructor","line":14,"loc":{"start":{"line":9,"column":4},"end":{"line":16,"column":4}}}},"statementMap":{"1":{"start":{"line":15,"column":8},"end":{"line":15,"column":44}}},"branchMap":{}},"contracts/IndexGovernance.sol":{"l":{"43":26,"44":26,"45":26,"46":26,"57":72,"58":71,"59":69,"60":14,"63":68,"64":68,"65":472,"67":68,"69":67,"80":66,"84":215,"85":214,"86":211,"87":136,"89":75,"91":209,"92":188,"96":88,"97":86,"98":13,"100":85,"112":82,"116":26,"117":26,"119":25,"120":24},"path":"/Users/nikbailo/work/pragma/minter-contract/contracts/IndexGovernance.sol","s":{"1":26,"2":26,"3":26,"4":26,"5":72,"6":71,"7":69,"8":14,"9":68,"10":68,"11":472,"12":68,"13":67,"14":66,"15":215,"16":214,"17":211,"18":136,"19":75,"20":209,"21":188,"22":88,"23":86,"24":13,"25":85,"26":26,"27":26,"28":25,"29":24},"b":{"1":[26,0],"2":[71,1],"3":[69,2],"4":[14,55],"5":[67,1],"6":[214,1],"7":[136,75],"8":[86,2],"9":[13,73],"10":[26,0],"11":[25,1]},"f":{"1":26,"2":72,"3":215,"4":88,"5":26},"fnMap":{"1":{"name":"constructor","line":42,"loc":{"start":{"line":42,"column":4},"end":{"line":47,"column":4}}},"2":{"name":"createProposal","line":56,"loc":{"start":{"line":49,"column":4},"end":{"line":81,"column":4}}},"3":{"name":"vote","line":83,"loc":{"start":{"line":83,"column":4},"end":{"line":93,"column":4}}},"4":{"name":"finalize","line":95,"loc":{"start":{"line":95,"column":4},"end":{"line":113,"column":4}}},"5":{"name":"claimFunds","line":115,"loc":{"start":{"line":115,"column":4},"end":{"line":121,"column":4}}}},"statementMap":{"1":{"start":{"line":43,"column":8},"end":{"line":43,"column":73}},"2":{"start":{"line":44,"column":8},"end":{"line":44,"column":31}},"3":{"start":{"line":45,"column":8},"end":{"line":45,"column":35}},"4":{"start":{"line":46,"column":8},"end":{"line":46,"column":33}},"5":{"start":{"line":57,"column":8},"end":{"line":57,"column":84}},"6":{"start":{"line":58,"column":8},"end":{"line":58,"column":108}},"7":{"start":{"line":59,"column":8},"end":{"line":59,"column":2096}},"8":{"start":{"line":60,"column":12},"end":{"line":60,"column":21}},"9":{"start":{"line":63,"column":8},"end":{"line":63,"column":25}},"10":{"start":{"line":64,"column":8},"end":{"line":64,"column":2196}},"11":{"start":{"line":65,"column":12},"end":{"line":65,"column":38}},"12":{"start":{"line":67,"column":8},"end":{"line":67,"column":71}},"13":{"start":{"line":69,"column":8},"end":{"line":69,"column":2375}},"14":{"start":{"line":80,"column":8},"end":{"line":80,"column":112}},"15":{"start":{"line":84,"column":8},"end":{"line":84,"column":91}},"16":{"start":{"line":85,"column":8},"end":{"line":85,"column":96}},"17":{"start":{"line":86,"column":8},"end":{"line":86,"column":3019}},"18":{"start":{"line":87,"column":12},"end":{"line":87,"column":53}},"19":{"start":{"line":89,"column":12},"end":{"line":89,"column":53}},"20":{"start":{"line":91,"column":8},"end":{"line":91,"column":119}},"21":{"start":{"line":92,"column":8},"end":{"line":92,"column":50}},"22":{"start":{"line":96,"column":8},"end":{"line":96,"column":87}},"23":{"start":{"line":97,"column":8},"end":{"line":97,"column":3500}},"24":{"start":{"line":98,"column":12},"end":{"line":98,"column":93}},"25":{"start":{"line":100,"column":8},"end":{"line":100,"column":3652}},"26":{"start":{"line":116,"column":8},"end":{"line":116,"column":4094}},"27":{"start":{"line":117,"column":12},"end":{"line":117,"column":92}},"28":{"start":{"line":119,"column":8},"end":{"line":119,"column":119}},"29":{"start":{"line":120,"column":8},"end":{"line":120,"column":73}}},"branchMap":{"1":{"line":43,"type":"if","locations":[{"start":{"line":43,"column":8},"end":{"line":43,"column":8}},{"start":{"line":43,"column":8},"end":{"line":43,"column":8}}]},"2":{"line":57,"type":"if","locations":[{"start":{"line":57,"column":8},"end":{"line":57,"column":8}},{"start":{"line":57,"column":8},"end":{"line":57,"column":8}}]},"3":{"line":58,"type":"if","locations":[{"start":{"line":58,"column":8},"end":{"line":58,"column":8}},{"start":{"line":58,"column":8},"end":{"line":58,"column":8}}]},"4":{"line":59,"type":"if","locations":[{"start":{"line":59,"column":8},"end":{"line":59,"column":8}},{"start":{"line":59,"column":8},"end":{"line":59,"column":8}}]},"5":{"line":67,"type":"if","locations":[{"start":{"line":67,"column":8},"end":{"line":67,"column":8}},{"start":{"line":67,"column":8},"end":{"line":67,"column":8}}]},"6":{"line":84,"type":"if","locations":[{"start":{"line":84,"column":8},"end":{"line":84,"column":8}},{"start":{"line":84,"column":8},"end":{"line":84,"column":8}}]},"7":{"line":86,"type":"if","locations":[{"start":{"line":86,"column":8},"end":{"line":86,"column":8}},{"start":{"line":86,"column":8},"end":{"line":86,"column":8}}]},"8":{"line":96,"type":"if","locations":[{"start":{"line":96,"column":8},"end":{"line":96,"column":8}},{"start":{"line":96,"column":8},"end":{"line":96,"column":8}}]},"9":{"line":97,"type":"if","locations":[{"start":{"line":97,"column":8},"end":{"line":97,"column":8}},{"start":{"line":97,"column":8},"end":{"line":97,"column":8}}]},"10":{"line":116,"type":"if","locations":[{"start":{"line":116,"column":8},"end":{"line":116,"column":8}},{"start":{"line":116,"column":8},"end":{"line":116,"column":8}}]},"11":{"line":117,"type":"if","locations":[{"start":{"line":117,"column":12},"end":{"line":117,"column":12}},{"start":{"line":117,"column":12},"end":{"line":117,"column":12}}]}}},"contracts/IndexHybridToken.sol":{"l":{"30":26,"31":26,"32":26,"36":325,"37":325,"38":325,"39":1027,"41":325,"42":325,"43":325,"44":1026,"46":298,"50":0,"51":0,"53":0,"57":0,"58":0,"59":0,"61":0},"path":"/Users/nikbailo/work/pragma/minter-contract/contracts/IndexHybridToken.sol","s":{"1":26,"2":26,"3":26,"4":325,"5":325,"6":325,"7":1027,"8":325,"9":325,"10":1026,"11":298,"12":0,"13":0,"14":0,"15":0,"16":0,"17":0,"18":0},"b":{"1":[26,0],"2":[325,0],"3":[325,0],"4":[0,0],"5":[0,0],"6":[0,0]},"f":{"1":26,"2":325,"3":0,"4":0},"fnMap":{"1":{"name":"constructor","line":29,"loc":{"start":{"line":26,"column":4},"end":{"line":33,"column":4}}},"2":{"name":"updateComposition","line":35,"loc":{"start":{"line":35,"column":4},"end":{"line":47,"column":4}}},"3":{"name":"mintAmount","line":49,"loc":{"start":{"line":49,"column":4},"end":{"line":54,"column":4}}},"4":{"name":"mintAmounts","line":56,"loc":{"start":{"line":56,"column":4},"end":{"line":62,"column":4}}}},"statementMap":{"1":{"start":{"line":30,"column":8},"end":{"line":30,"column":38}},"2":{"start":{"line":31,"column":8},"end":{"line":31,"column":93}},"3":{"start":{"line":32,"column":8},"end":{"line":32,"column":41}},"4":{"start":{"line":36,"column":8},"end":{"line":36,"column":85}},"5":{"start":{"line":37,"column":8},"end":{"line":37,"column":25}},"6":{"start":{"line":38,"column":8},"end":{"line":38,"column":1191}},"7":{"start":{"line":39,"column":12},"end":{"line":39,"column":38}},"8":{"start":{"line":41,"column":8},"end":{"line":41,"column":72}},"9":{"start":{"line":43,"column":8},"end":{"line":43,"column":1396}},"10":{"start":{"line":44,"column":12},"end":{"line":44,"column":57}},"11":{"start":{"line":46,"column":8},"end":{"line":46,"column":50}},"12":{"start":{"line":50,"column":8},"end":{"line":50,"column":1689}},"13":{"start":{"line":51,"column":12},"end":{"line":51,"column":39}},"14":{"start":{"line":53,"column":8},"end":{"line":53,"column":93}},"15":{"start":{"line":57,"column":8},"end":{"line":57,"column":87}},"16":{"start":{"line":58,"column":8},"end":{"line":58,"column":2112}},"17":{"start":{"line":59,"column":12},"end":{"line":59,"column":43}},"18":{"start":{"line":61,"column":8},"end":{"line":61,"column":93}}},"branchMap":{"1":{"line":31,"type":"if","locations":[{"start":{"line":31,"column":8},"end":{"line":31,"column":8}},{"start":{"line":31,"column":8},"end":{"line":31,"column":8}}]},"2":{"line":36,"type":"if","locations":[{"start":{"line":36,"column":8},"end":{"line":36,"column":8}},{"start":{"line":36,"column":8},"end":{"line":36,"column":8}}]},"3":{"line":41,"type":"if","locations":[{"start":{"line":41,"column":8},"end":{"line":41,"column":8}},{"start":{"line":41,"column":8},"end":{"line":41,"column":8}}]},"4":{"line":53,"type":"if","locations":[{"start":{"line":53,"column":8},"end":{"line":53,"column":8}},{"start":{"line":53,"column":8},"end":{"line":53,"column":8}}]},"5":{"line":57,"type":"if","locations":[{"start":{"line":57,"column":8},"end":{"line":57,"column":8}},{"start":{"line":57,"column":8},"end":{"line":57,"column":8}}]},"6":{"line":61,"type":"if","locations":[{"start":{"line":61,"column":8},"end":{"line":61,"column":8}},{"start":{"line":61,"column":8},"end":{"line":61,"column":8}}]}}},"contracts/IndexStaking.sol":{"l":{"31":25,"32":25,"33":25,"34":25,"35":25,"36":25,"40":472,"41":470,"42":65,"44":469,"45":461,"46":450,"47":425,"48":369,"52":92,"53":92,"57":308,"58":308,"59":308,"60":308,"61":308,"62":304,"64":308,"65":307,"66":307,"67":303,"68":272,"72":0,"76":308,"77":308,"78":308,"79":304,"81":308,"85":308,"86":244,"91":64,"93":308},"path":"/Users/nikbailo/work/pragma/minter-contract/contracts/IndexStaking.sol","s":{"1":25,"2":25,"3":25,"4":25,"5":25,"6":25,"7":472,"8":470,"9":65,"10":469,"11":461,"12":450,"13":425,"14":369,"15":92,"16":92,"17":308,"18":308,"19":308,"20":308,"21":308,"22":304,"23":308,"24":307,"25":307,"26":303,"27":272,"28":0,"29":308,"30":308,"31":308,"32":304,"33":308,"34":308,"35":244,"36":64,"37":308},"b":{"1":[470,2],"2":[65,405],"3":[304,4],"4":[304,4],"5":[244,64]},"f":{"1":25,"2":472,"3":92,"4":308,"5":0,"6":308,"7":308},"fnMap":{"1":{"name":"constructor","line":30,"loc":{"start":{"line":30,"column":4},"end":{"line":37,"column":4}}},"2":{"name":"deposit","line":39,"loc":{"start":{"line":39,"column":4},"end":{"line":49,"column":4}}},"3":{"name":"withdraw","line":51,"loc":{"start":{"line":51,"column":4},"end":{"line":54,"column":4}}},"4":{"name":"withdraw","line":56,"loc":{"start":{"line":56,"column":4},"end":{"line":69,"column":4}}},"5":{"name":"rewardOf","line":71,"loc":{"start":{"line":71,"column":4},"end":{"line":73,"column":4}}},"6":{"name":"_getRewards","line":75,"loc":{"start":{"line":75,"column":4},"end":{"line":82,"column":4}}},"7":{"name":"_calculatecurrentTotalReward","line":84,"loc":{"start":{"line":84,"column":4},"end":{"line":94,"column":4}}}},"statementMap":{"1":{"start":{"line":31,"column":8},"end":{"line":31,"column":42}},"2":{"start":{"line":32,"column":8},"end":{"line":32,"column":40}},"3":{"start":{"line":33,"column":8},"end":{"line":33,"column":27}},"4":{"start":{"line":34,"column":8},"end":{"line":34,"column":33}},"5":{"start":{"line":35,"column":8},"end":{"line":35,"column":35}},"6":{"start":{"line":36,"column":8},"end":{"line":36,"column":32}},"7":{"start":{"line":40,"column":8},"end":{"line":40,"column":85}},"8":{"start":{"line":41,"column":8},"end":{"line":41,"column":1344}},"9":{"start":{"line":42,"column":12},"end":{"line":42,"column":21}},"10":{"start":{"line":44,"column":8},"end":{"line":44,"column":96}},"11":{"start":{"line":45,"column":8},"end":{"line":45,"column":34}},"12":{"start":{"line":46,"column":8},"end":{"line":46,"column":42}},"13":{"start":{"line":47,"column":8},"end":{"line":47,"column":61}},"14":{"start":{"line":48,"column":8},"end":{"line":48,"column":43}},"15":{"start":{"line":52,"column":8},"end":{"line":52,"column":38}},"16":{"start":{"line":53,"column":8},"end":{"line":53,"column":38}},"17":{"start":{"line":57,"column":8},"end":{"line":57,"column":31}},"18":{"start":{"line":58,"column":8},"end":{"line":58,"column":36}},"19":{"start":{"line":59,"column":8},"end":{"line":59,"column":61}},"20":{"start":{"line":60,"column":8},"end":{"line":60,"column":46}},"21":{"start":{"line":61,"column":8},"end":{"line":61,"column":2117}},"22":{"start":{"line":62,"column":12},"end":{"line":62,"column":75}},"23":{"start":{"line":64,"column":8},"end":{"line":64,"column":63}},"24":{"start":{"line":65,"column":8},"end":{"line":65,"column":28}},"25":{"start":{"line":66,"column":8},"end":{"line":66,"column":75}},"26":{"start":{"line":67,"column":8},"end":{"line":67,"column":71}},"27":{"start":{"line":68,"column":8},"end":{"line":68,"column":53}},"28":{"start":{"line":72,"column":8},"end":{"line":72,"column":41}},"29":{"start":{"line":76,"column":8},"end":{"line":76,"column":33}},"30":{"start":{"line":77,"column":8},"end":{"line":77,"column":58}},"31":{"start":{"line":78,"column":8},"end":{"line":78,"column":2890}},"32":{"start":{"line":79,"column":12},"end":{"line":79,"column":89}},"33":{"start":{"line":81,"column":8},"end":{"line":81,"column":93}},"34":{"start":{"line":85,"column":8},"end":{"line":85,"column":3216}},"35":{"start":{"line":86,"column":12},"end":{"line":86,"column":3326}},"36":{"start":{"line":91,"column":12},"end":{"line":91,"column":32}},"37":{"start":{"line":93,"column":8},"end":{"line":93,"column":34}}},"branchMap":{"1":{"line":40,"type":"if","locations":[{"start":{"line":40,"column":8},"end":{"line":40,"column":8}},{"start":{"line":40,"column":8},"end":{"line":40,"column":8}}]},"2":{"line":41,"type":"if","locations":[{"start":{"line":41,"column":8},"end":{"line":41,"column":8}},{"start":{"line":41,"column":8},"end":{"line":41,"column":8}}]},"3":{"line":61,"type":"if","locations":[{"start":{"line":61,"column":8},"end":{"line":61,"column":8}},{"start":{"line":61,"column":8},"end":{"line":61,"column":8}}]},"4":{"line":78,"type":"if","locations":[{"start":{"line":78,"column":8},"end":{"line":78,"column":8}},{"start":{"line":78,"column":8},"end":{"line":78,"column":8}}]},"5":{"line":85,"type":"if","locations":[{"start":{"line":85,"column":8},"end":{"line":85,"column":8}},{"start":{"line":85,"column":8},"end":{"line":85,"column":8}}]}}},"contracts/presale/AlphaPresale.sol":{"l":{"11":58,"12":58,"13":58},"path":"/Users/nikbailo/work/pragma/minter-contract/contracts/presale/AlphaPresale.sol","s":{"1":58,"2":58,"3":58},"b":{},"f":{"1":58},"fnMap":{"1":{"name":"constructor","line":10,"loc":{"start":{"line":10,"column":4},"end":{"line":14,"column":4}}}},"statementMap":{"1":{"start":{"line":11,"column":8},"end":{"line":11,"column":32}},"2":{"start":{"line":12,"column":8},"end":{"line":12,"column":44}},"3":{"start":{"line":13,"column":8},"end":{"line":13,"column":39}}},"branchMap":{}},"contracts/presale/BetaPresale.sol":{"l":{"11":58,"12":58,"13":58},"path":"/Users/nikbailo/work/pragma/minter-contract/contracts/presale/BetaPresale.sol","s":{"1":58,"2":58,"3":58},"b":{},"f":{"1":58},"fnMap":{"1":{"name":"constructor","line":10,"loc":{"start":{"line":10,"column":4},"end":{"line":14,"column":4}}}},"statementMap":{"1":{"start":{"line":11,"column":8},"end":{"line":11,"column":31}},"2":{"start":{"line":12,"column":8},"end":{"line":12,"column":43}},"3":{"start":{"line":13,"column":8},"end":{"line":13,"column":38}}},"branchMap":{}},"contracts/presale/GammaPresale.sol":{"l":{"11":58,"12":58,"13":58},"path":"/Users/nikbailo/work/pragma/minter-contract/contracts/presale/GammaPresale.sol","s":{"1":58,"2":58,"3":58},"b":{},"f":{"1":58},"fnMap":{"1":{"name":"constructor","line":10,"loc":{"start":{"line":10,"column":4},"end":{"line":14,"column":4}}}},"statementMap":{"1":{"start":{"line":11,"column":8},"end":{"line":11,"column":32}},"2":{"start":{"line":12,"column":8},"end":{"line":12,"column":44}},"3":{"start":{"line":13,"column":8},"end":{"line":13,"column":39}}},"branchMap":{}},"contracts/presale/Presale.sol":{"l":{"33":174,"34":174,"35":174,"39":1047,"40":1044,"41":1044,"45":0,"46":0,"47":0,"51":39,"55":705,"56":702,"57":702,"58":702,"59":83,"60":83,"62":702,"63":696,"64":696,"65":690,"66":690,"67":690,"68":582,"72":122,"76":36},"path":"/Users/nikbailo/work/pragma/minter-contract/contracts/presale/Presale.sol","s":{"1":174,"2":174,"3":174,"4":1047,"5":1044,"6":1044,"7":0,"8":0,"9":0,"10":39,"11":705,"12":702,"13":702,"14":702,"15":83,"16":83,"17":702,"18":696,"19":696,"20":690,"21":690,"22":690,"23":582,"24":122,"25":36},"b":{"1":[1044,3],"2":[1044,0],"3":[0,0],"4":[702,3],"5":[83,619],"6":[696,6],"7":[696,0]},"f":{"1":174,"2":1047,"3":0,"4":39,"5":705,"6":122,"7":36},"fnMap":{"1":{"name":"constructor","line":32,"loc":{"start":{"line":32,"column":4},"end":{"line":36,"column":4}}},"2":{"name":"start","line":38,"loc":{"start":{"line":38,"column":4},"end":{"line":42,"column":4}}},"3":{"name":"burnRest","line":44,"loc":{"start":{"line":44,"column":4},"end":{"line":48,"column":4}}},"4":{"name":"sendUSDC","line":50,"loc":{"start":{"line":50,"column":4},"end":{"line":52,"column":4}}},"5":{"name":"buy","line":54,"loc":{"start":{"line":54,"column":4},"end":{"line":69,"column":4}}},"6":{"name":"purchasedAmount","line":71,"loc":{"start":{"line":71,"column":4},"end":{"line":73,"column":4}}},"7":{"name":"presaleIsActive","line":75,"loc":{"start":{"line":75,"column":4},"end":{"line":77,"column":4}}}},"statementMap":{"1":{"start":{"line":33,"column":8},"end":{"line":33,"column":27}},"2":{"start":{"line":34,"column":8},"end":{"line":34,"column":37}},"3":{"start":{"line":35,"column":8},"end":{"line":35,"column":27}},"4":{"start":{"line":39,"column":8},"end":{"line":39,"column":59}},"5":{"start":{"line":40,"column":8},"end":{"line":40,"column":84}},"6":{"start":{"line":41,"column":8},"end":{"line":41,"column":32}},"7":{"start":{"line":45,"column":8},"end":{"line":45,"column":77}},"8":{"start":{"line":46,"column":8},"end":{"line":46,"column":61}},"9":{"start":{"line":47,"column":8},"end":{"line":47,"column":59}},"10":{"start":{"line":51,"column":8},"end":{"line":51,"column":34}},"11":{"start":{"line":55,"column":8},"end":{"line":55,"column":78}},"12":{"start":{"line":56,"column":8},"end":{"line":56,"column":84}},"13":{"start":{"line":57,"column":8},"end":{"line":57,"column":67}},"14":{"start":{"line":58,"column":8},"end":{"line":58,"column":1923}},"15":{"start":{"line":59,"column":12},"end":{"line":59,"column":43}},"16":{"start":{"line":60,"column":12},"end":{"line":60,"column":65}},"17":{"start":{"line":62,"column":8},"end":{"line":62,"column":60}},"18":{"start":{"line":63,"column":8},"end":{"line":63,"column":59}},"19":{"start":{"line":64,"column":8},"end":{"line":64,"column":92}},"20":{"start":{"line":65,"column":8},"end":{"line":65,"column":68}},"21":{"start":{"line":66,"column":8},"end":{"line":66,"column":84}},"22":{"start":{"line":67,"column":8},"end":{"line":67,"column":44}},"23":{"start":{"line":68,"column":8},"end":{"line":68,"column":41}},"24":{"start":{"line":72,"column":8},"end":{"line":72,"column":42}},"25":{"start":{"line":76,"column":8},"end":{"line":76,"column":101}}},"branchMap":{"1":{"line":39,"type":"if","locations":[{"start":{"line":39,"column":8},"end":{"line":39,"column":8}},{"start":{"line":39,"column":8},"end":{"line":39,"column":8}}]},"2":{"line":40,"type":"if","locations":[{"start":{"line":40,"column":8},"end":{"line":40,"column":8}},{"start":{"line":40,"column":8},"end":{"line":40,"column":8}}]},"3":{"line":45,"type":"if","locations":[{"start":{"line":45,"column":8},"end":{"line":45,"column":8}},{"start":{"line":45,"column":8},"end":{"line":45,"column":8}}]},"4":{"line":55,"type":"if","locations":[{"start":{"line":55,"column":8},"end":{"line":55,"column":8}},{"start":{"line":55,"column":8},"end":{"line":55,"column":8}}]},"5":{"line":58,"type":"if","locations":[{"start":{"line":58,"column":8},"end":{"line":58,"column":8}},{"start":{"line":58,"column":8},"end":{"line":58,"column":8}}]},"6":{"line":62,"type":"if","locations":[{"start":{"line":62,"column":8},"end":{"line":62,"column":8}},{"start":{"line":62,"column":8},"end":{"line":62,"column":8}}]},"7":{"line":63,"type":"if","locations":[{"start":{"line":63,"column":8},"end":{"line":63,"column":8}},{"start":{"line":63,"column":8},"end":{"line":63,"column":8}}]}}},"contracts/presale/PresaleConstants.sol":{"l":{},"path":"/Users/nikbailo/work/pragma/minter-contract/contracts/presale/PresaleConstants.sol","s":{},"b":{},"f":{},"fnMap":{},"statementMap":{},"branchMap":{}},"contracts/SaleHybridToken.sol":{"l":{"24":0,"29":0,"33":0,"34":0,"36":0,"38":0,"40":0,"50":754,"51":754,"52":754,"54":754,"55":754,"56":754,"63":0,"64":0,"65":0,"69":113,"73":9,"74":1,"75":8,"76":1,"77":7,"78":1,"79":6},"path":"/Users/nikbailo/work/pragma/minter-contract/contracts/SaleHybridToken.sol","s":{"1":0,"2":0,"3":0,"4":0,"5":0,"6":0,"7":0,"8":754,"9":754,"10":754,"11":754,"12":754,"13":754,"14":0,"15":0,"16":0,"17":113,"18":9,"19":1,"20":8,"21":1,"22":7,"23":1,"24":6},"b":{"1":[0,0],"2":[0,0],"3":[0,0],"4":[0,0],"5":[0,0],"6":[0,0],"7":[0,0],"8":[0,0],"9":[1,8],"10":[1,7],"11":[1,6]},"f":{"1":0,"2":0,"3":58,"4":754,"5":0,"6":113,"7":9},"fnMap":{"1":{"name":"onlyFor","line":23,"loc":{"start":{"line":23,"column":4},"end":{"line":30,"column":4}}},"2":{"name":"onlyAvailableAmount","line":32,"loc":{"start":{"line":32,"column":4},"end":{"line":41,"column":4}}},"3":{"name":"constructor","line":43,"loc":{"start":{"line":43,"column":4},"end":{"line":43,"column":46}}},"4":{"name":"mintPresale","line":49,"loc":{"start":{"line":45,"column":4},"end":{"line":57,"column":4}}},"5":{"name":"burnForPresale","line":62,"loc":{"start":{"line":59,"column":4},"end":{"line":66,"column":4}}},"6":{"name":"burn","line":68,"loc":{"start":{"line":68,"column":4},"end":{"line":70,"column":4}}},"7":{"name":"activePresaleAddress","line":72,"loc":{"start":{"line":72,"column":4},"end":{"line":80,"column":4}}}},"statementMap":{"1":{"start":{"line":24,"column":8},"end":{"line":24,"column":699}},"2":{"start":{"line":33,"column":8},"end":{"line":33,"column":987}},"3":{"start":{"line":34,"column":12},"end":{"line":34,"column":90}},"4":{"start":{"line":35,"column":15},"end":{"line":35,"column":1128}},"5":{"start":{"line":36,"column":12},"end":{"line":36,"column":88}},"6":{"start":{"line":37,"column":15},"end":{"line":37,"column":1266}},"7":{"start":{"line":38,"column":12},"end":{"line":38,"column":90}},"8":{"start":{"line":50,"column":8},"end":{"line":50,"column":35}},"9":{"start":{"line":51,"column":8},"end":{"line":51,"column":33}},"10":{"start":{"line":52,"column":8},"end":{"line":52,"column":35}},"11":{"start":{"line":54,"column":8},"end":{"line":54,"column":48}},"12":{"start":{"line":55,"column":8},"end":{"line":55,"column":46}},"13":{"start":{"line":56,"column":8},"end":{"line":56,"column":48}},"14":{"start":{"line":63,"column":8},"end":{"line":63,"column":73}},"15":{"start":{"line":64,"column":8},"end":{"line":64,"column":31}},"16":{"start":{"line":65,"column":8},"end":{"line":65,"column":35}},"17":{"start":{"line":69,"column":8},"end":{"line":69,"column":31}},"18":{"start":{"line":73,"column":8},"end":{"line":73,"column":2472}},"19":{"start":{"line":74,"column":12},"end":{"line":74,"column":40}},"20":{"start":{"line":75,"column":8},"end":{"line":75,"column":2567}},"21":{"start":{"line":76,"column":12},"end":{"line":76,"column":39}},"22":{"start":{"line":77,"column":8},"end":{"line":77,"column":2662}},"23":{"start":{"line":78,"column":12},"end":{"line":78,"column":40}},"24":{"start":{"line":79,"column":8},"end":{"line":79,"column":25}}},"branchMap":{"1":{"line":24,"type":"if","locations":[{"start":{"line":24,"column":8},"end":{"line":24,"column":8}},{"start":{"line":24,"column":8},"end":{"line":24,"column":8}}]},"2":{"line":33,"type":"if","locations":[{"start":{"line":33,"column":8},"end":{"line":33,"column":8}},{"start":{"line":33,"column":8},"end":{"line":33,"column":8}}]},"3":{"line":34,"type":"if","locations":[{"start":{"line":34,"column":12},"end":{"line":34,"column":12}},{"start":{"line":34,"column":12},"end":{"line":34,"column":12}}]},"4":{"line":35,"type":"if","locations":[{"start":{"line":35,"column":15},"end":{"line":35,"column":15}},{"start":{"line":35,"column":15},"end":{"line":35,"column":15}}]},"5":{"line":36,"type":"if","locations":[{"start":{"line":36,"column":12},"end":{"line":36,"column":12}},{"start":{"line":36,"column":12},"end":{"line":36,"column":12}}]},"6":{"line":37,"type":"if","locations":[{"start":{"line":37,"column":15},"end":{"line":37,"column":15}},{"start":{"line":37,"column":15},"end":{"line":37,"column":15}}]},"7":{"line":38,"type":"if","locations":[{"start":{"line":38,"column":12},"end":{"line":38,"column":12}},{"start":{"line":38,"column":12},"end":{"line":38,"column":12}}]},"8":{"line":63,"type":"if","locations":[{"start":{"line":63,"column":8},"end":{"line":63,"column":8}},{"start":{"line":63,"column":8},"end":{"line":63,"column":8}}]},"9":{"line":73,"type":"if","locations":[{"start":{"line":73,"column":8},"end":{"line":73,"column":8}},{"start":{"line":73,"column":8},"end":{"line":73,"column":8}}]},"10":{"line":75,"type":"if","locations":[{"start":{"line":75,"column":8},"end":{"line":75,"column":8}},{"start":{"line":75,"column":8},"end":{"line":75,"column":8}}]},"11":{"line":77,"type":"if","locations":[{"start":{"line":77,"column":8},"end":{"line":77,"column":8}},{"start":{"line":77,"column":8},"end":{"line":77,"column":8}}]}}},"contracts/VestingSwap.sol":{"l":{"44":116,"45":116,"49":15,"50":15,"51":15,"52":15,"53":15,"54":15,"55":15,"56":15,"60":92,"61":92,"62":91,"63":91,"67":66,"68":66,"69":66,"70":66,"71":65,"72":65,"76":40,"77":40,"78":40,"79":40,"80":40,"81":39,"82":39,"86":66,"90":38,"94":12,"98":116,"99":116,"100":116,"101":116,"102":116,"103":116,"104":116,"107":116,"111":116,"112":116,"113":113,"114":113,"115":113,"116":113,"117":104},"path":"/Users/nikbailo/work/pragma/minter-contract/contracts/VestingSwap.sol","s":{"1":116,"2":15,"3":15,"4":15,"5":15,"6":15,"7":15,"8":15,"9":15,"10":92,"11":92,"12":91,"13":91,"14":66,"15":66,"16":66,"17":66,"18":65,"19":65,"20":40,"21":40,"22":40,"23":40,"24":40,"25":39,"26":39,"27":66,"28":38,"29":12,"30":116,"31":116,"32":116,"33":116,"34":116,"35":116,"36":116,"37":116,"38":116,"39":116,"40":113,"41":113,"42":113,"43":109,"44":104},"b":{"1":[116,0],"2":[91,1],"3":[65,1],"4":[39,1],"5":[116,0],"6":[113,3]},"f":{"1":116,"2":15,"3":92,"4":66,"5":40,"6":66,"7":38,"8":12,"9":116,"10":116},"fnMap":{"1":{"name":"isStarted","line":43,"loc":{"start":{"line":43,"column":4},"end":{"line":46,"column":4}}},"2":{"name":"constructor","line":48,"loc":{"start":{"line":48,"column":4},"end":{"line":57,"column":4}}},"3":{"name":"startAlphaSwap","line":59,"loc":{"start":{"line":59,"column":4},"end":{"line":64,"column":4}}},"4":{"name":"startBetaSwap","line":66,"loc":{"start":{"line":66,"column":4},"end":{"line":73,"column":4}}},"5":{"name":"startGammaSwap","line":75,"loc":{"start":{"line":75,"column":4},"end":{"line":83,"column":4}}},"6":{"name":"alphaSwap","line":85,"loc":{"start":{"line":85,"column":4},"end":{"line":87,"column":4}}},"7":{"name":"betaSwap","line":89,"loc":{"start":{"line":89,"column":4},"end":{"line":91,"column":4}}},"8":{"name":"gammaSwap","line":93,"loc":{"start":{"line":93,"column":4},"end":{"line":95,"column":4}}},"9":{"name":"availableAmountFor","line":97,"loc":{"start":{"line":97,"column":4},"end":{"line":108,"column":4}}},"10":{"name":"_swap","line":110,"loc":{"start":{"line":110,"column":4},"end":{"line":118,"column":4}}}},"statementMap":{"1":{"start":{"line":44,"column":8},"end":{"line":44,"column":40}},"2":{"start":{"line":49,"column":8},"end":{"line":49,"column":17}},"3":{"start":{"line":50,"column":8},"end":{"line":50,"column":19}},"4":{"start":{"line":51,"column":8},"end":{"line":51,"column":35}},"5":{"start":{"line":52,"column":8},"end":{"line":52,"column":33}},"6":{"start":{"line":53,"column":8},"end":{"line":53,"column":35}},"7":{"start":{"line":54,"column":8},"end":{"line":54,"column":61}},"8":{"start":{"line":55,"column":8},"end":{"line":55,"column":63}},"9":{"start":{"line":56,"column":8},"end":{"line":56,"column":64}},"10":{"start":{"line":60,"column":8},"end":{"line":60,"column":67}},"11":{"start":{"line":61,"column":8},"end":{"line":61,"column":123}},"12":{"start":{"line":62,"column":8},"end":{"line":62,"column":37}},"13":{"start":{"line":63,"column":8},"end":{"line":63,"column":66}},"14":{"start":{"line":67,"column":8},"end":{"line":67,"column":81}},"15":{"start":{"line":68,"column":8},"end":{"line":68,"column":65}},"16":{"start":{"line":69,"column":8},"end":{"line":69,"column":69}},"17":{"start":{"line":70,"column":8},"end":{"line":70,"column":114}},"18":{"start":{"line":71,"column":8},"end":{"line":71,"column":36}},"19":{"start":{"line":72,"column":8},"end":{"line":72,"column":64}},"20":{"start":{"line":76,"column":8},"end":{"line":76,"column":86}},"21":{"start":{"line":77,"column":8},"end":{"line":77,"column":83}},"22":{"start":{"line":78,"column":8},"end":{"line":78,"column":67}},"23":{"start":{"line":79,"column":8},"end":{"line":79,"column":95}},"24":{"start":{"line":80,"column":8},"end":{"line":80,"column":115}},"25":{"start":{"line":81,"column":8},"end":{"line":81,"column":37}},"26":{"start":{"line":82,"column":8},"end":{"line":82,"column":66}},"27":{"start":{"line":86,"column":8},"end":{"line":86,"column":47}},"28":{"start":{"line":90,"column":8},"end":{"line":90,"column":46}},"29":{"start":{"line":94,"column":8},"end":{"line":94,"column":47}},"30":{"start":{"line":98,"column":8},"end":{"line":98,"column":38}},"31":{"start":{"line":99,"column":8},"end":{"line":99,"column":69}},"32":{"start":{"line":100,"column":8},"end":{"line":100,"column":81}},"33":{"start":{"line":101,"column":8},"end":{"line":101,"column":4039}},"34":{"start":{"line":102,"column":12},"end":{"line":102,"column":34}},"35":{"start":{"line":103,"column":12},"end":{"line":103,"column":4117}},"36":{"start":{"line":104,"column":16},"end":{"line":104,"column":87}},"37":{"start":{"line":107,"column":8},"end":{"line":107,"column":93}},"38":{"start":{"line":111,"column":8},"end":{"line":111,"column":69}},"39":{"start":{"line":112,"column":8},"end":{"line":112,"column":72}},"40":{"start":{"line":113,"column":8},"end":{"line":113,"column":53}},"41":{"start":{"line":114,"column":8},"end":{"line":114,"column":62}},"42":{"start":{"line":115,"column":8},"end":{"line":115,"column":67}},"43":{"start":{"line":116,"column":8},"end":{"line":116,"column":73}},"44":{"start":{"line":117,"column":8},"end":{"line":117,"column":36}}},"branchMap":{"1":{"line":44,"type":"if","locations":[{"start":{"line":44,"column":8},"end":{"line":44,"column":8}},{"start":{"line":44,"column":8},"end":{"line":44,"column":8}}]},"2":{"line":61,"type":"if","locations":[{"start":{"line":61,"column":8},"end":{"line":61,"column":8}},{"start":{"line":61,"column":8},"end":{"line":61,"column":8}}]},"3":{"line":70,"type":"if","locations":[{"start":{"line":70,"column":8},"end":{"line":70,"column":8}},{"start":{"line":70,"column":8},"end":{"line":70,"column":8}}]},"4":{"line":80,"type":"if","locations":[{"start":{"line":80,"column":8},"end":{"line":80,"column":8}},{"start":{"line":80,"column":8},"end":{"line":80,"column":8}}]},"5":{"line":101,"type":"if","locations":[{"start":{"line":101,"column":8},"end":{"line":101,"column":8}},{"start":{"line":101,"column":8},"end":{"line":101,"column":8}}]},"6":{"line":112,"type":"if","locations":[{"start":{"line":112,"column":8},"end":{"line":112,"column":8}},{"start":{"line":112,"column":8},"end":{"line":112,"column":8}}]}}}}